D:\WORK\SQMSSERVER\SQMSSERVER\GENERATEDFILES\RELEASE\MOC_MODSELECT.CPP
D:\WORK\SQMSSERVER\SQMSSERVER\GENERATEDFILES\RELEASE\MOC_SENDMAIL.CPP
d:\work\SQMSServer\SQMSServer\Release\cl.command.1.tlog
d:\work\SQMSServer\SQMSServer\Release\CL.read.1.tlog
d:\work\SQMSServer\SQMSServer\Release\CL.write.1.tlog
D:\WORK\SQMSSERVER\SQMSSERVER\RELEASE\CONFIG.OBJ
d:\work\SQMSServer\SQMSServer\Release\custombuild.command.1.tlog
d:\work\SQMSServer\SQMSServer\Release\custombuild.read.1.tlog
d:\work\SQMSServer\SQMSServer\Release\custombuild.write.1.tlog
D:\WORK\SQMSSERVER\SQMSSERVER\RELEASE\DATABASE.OBJ
D:\WORK\SQMSSERVER\SQMSSERVER\RELEASE\DEVICE.OBJ
D:\WORK\SQMSSERVER\SQMSSERVER\RELEASE\JOBDISTRIBUTE.OBJ
d:\work\SQMSServer\SQMSServer\Release\link.command.1.tlog
d:\work\SQMSServer\SQMSServer\Release\link.read.1.tlog
d:\work\SQMSServer\SQMSServer\Release\link.write.1.tlog
D:\WORK\SQMSSERVER\SQMSSERVER\RELEASE\LOG.OBJ
D:\WORK\SQMSSERVER\SQMSSERVER\RELEASE\LOGFILEOPERATION.OBJ
D:\WORK\SQMSSERVER\SQMSSERVER\RELEASE\MAIN.OBJ
D:\WORK\SQMSSERVER\SQMSSERVER\RELEASE\MOC_MODSELECT.OBJ
D:\WORK\SQMSSERVER\SQMSSERVER\RELEASE\MOC_SENDMAIL.OBJ
D:\WORK\SQMSSERVER\SQMSSERVER\RELEASE\MODSELECT.OBJ
d:\work\SQMSServer\SQMSServer\Release\mt.command.1.tlog
d:\work\SQMSServer\SQMSServer\Release\mt.read.1.tlog
d:\work\SQMSServer\SQMSServer\Release\mt.write.1.tlog
D:\WORK\SQMSSERVER\SQMSSERVER\RELEASE\REPORT.OBJ
D:\WORK\SQMSSERVER\SQMSSERVER\RELEASE\SCRIPT.OBJ
D:\WORK\SQMSSERVER\SQMSSERVER\RELEASE\SENDMAIL.OBJ
D:\WORK\SQMSSERVER\SQMSSERVER\RELEASE\SISTHREAD.OBJ
D:\WORK\SQMSSERVER\SQMSSERVER\RELEASE\SQMSSERVER.EXE.INTERMEDIATE.MANIFEST
D:\WORK\SQMSSERVER\SQMSSERVER\RELEASE\VC100.PDB
D:\WORK\SQMSSERVER\WIN32\RELEASE\SQMSSERVER.EXE
D:\WORK\SQMSSERVER\WIN32\RELEASE\SQMSSERVER.ILK
D:\WORK\SQMSSERVER\WIN32\RELEASE\SQMSSERVER.PDB
